# JRE version: Java(TM) SE Runtime Environment (17.0.10+11) (build 17.0.10+11-LTS-240)
# Java VM: Java HotSpot(TM) 64-Bit Server VM (17.0.10+11-LTS-240, mixed mode, sharing, tiered, compressed oops, compressed class ptrs, g1 gc, windows-amd64)
GC Precious Log:
 CPUs: 8 total, 8 available
 Memory: 14247M
 Large Page Support: Disabled
 NUMA Support: Disabled
 Compressed Oops: Enabled (Zero based)
 Heap Region Size: 2M
 Heap Min Capacity: 8M
 Heap Initial Capacity: 224M
 Heap Max Capacity: 3562M
 Pre-touch: Disabled
 Parallel Workers: 8
 Concurrent Workers: 2
 Concurrent Refinement Workers: 8
 Periodic GC: Disabled
Heap:
 garbage-first heap   total 196608K, used 142742K [0x0000000721600000, 0x0000000800000000)
  region size 2048K, 40 young (81920K), 4 survivors (8192K)
 Metaspace       used 55495K, committed 55808K, reserved 1114112K
  class space    used 6284K, committed 6464K, reserved 1048576K
GC Heap History (20 events):
Event: 7.116 GC heap before
{Heap before GC invocations=6 (full 0):
 garbage-first heap   total 69632K, used 49262K [0x0000000721600000, 0x0000000800000000)
  region size 2048K, 15 young (30720K), 1 survivors (2048K)
 Metaspace       used 33180K, committed 33344K, reserved 1114112K
  class space    used 4102K, committed 4160K, reserved 1048576K
}
Event: 7.130 GC heap after
{Heap after GC invocations=7 (full 0):
 garbage-first heap   total 69632K, used 24494K [0x0000000721600000, 0x0000000800000000)
  region size 2048K, 2 young (4096K), 2 survivors (4096K)
 Metaspace       used 33180K, committed 33344K, reserved 1114112K
  class space    used 4102K, committed 4160K, reserved 1048576K
}
Event: 7.829 GC heap before
{Heap before GC invocations=7 (full 0):
 garbage-first heap   total 69632K, used 38830K [0x0000000721600000, 0x0000000800000000)
  region size 2048K, 10 young (20480K), 2 survivors (4096K)
 Metaspace       used 35880K, committed 36096K, reserved 1114112K
  class space    used 4387K, committed 4544K, reserved 1048576K
}
Event: 7.853 GC heap after
{Heap after GC invocations=8 (full 0):
 garbage-first heap   total 98304K, used 27492K [0x0000000721600000, 0x0000000800000000)
  region size 2048K, 2 young (4096K), 2 survivors (4096K)
 Metaspace       used 35880K, committed 36096K, reserved 1114112K
  class space    used 4387K, committed 4544K, reserved 1048576K
}
Event: 9.709 GC heap before
{Heap before GC invocations=9 (full 0):
 garbage-first heap   total 98304K, used 66404K [0x0000000721600000, 0x0000000800000000)
  region size 2048K, 21 young (43008K), 2 survivors (4096K)
 Metaspace       used 40265K, committed 40512K, reserved 1114112K
  class space    used 5001K, committed 5120K, reserved 1048576K
}
Event: 9.732 GC heap after
{Heap after GC invocations=10 (full 0):
 garbage-first heap   total 98304K, used 31020K [0x0000000721600000, 0x0000000800000000)
  region size 2048K, 3 young (6144K), 3 survivors (6144K)
 Metaspace       used 40265K, committed 40512K, reserved 1114112K
  class space    used 5001K, committed 5120K, reserved 1048576K
}
Event: 9.756 GC heap before
{Heap before GC invocations=10 (full 0):
 garbage-first heap   total 98304K, used 33068K [0x0000000721600000, 0x0000000800000000)
  region size 2048K, 4 young (8192K), 3 survivors (6144K)
 Metaspace       used 40267K, committed 40512K, reserved 1114112K
  class space    used 5001K, committed 5120K, reserved 1048576K
}
Event: 9.775 GC heap after
{Heap after GC invocations=11 (full 0):
 garbage-first heap   total 98304K, used 30792K [0x0000000721600000, 0x0000000800000000)
  region size 2048K, 1 young (2048K), 1 survivors (2048K)
 Metaspace       used 40267K, committed 40512K, reserved 1114112K
  class space    used 5001K, committed 5120K, reserved 1048576K
}
Event: 13.639 GC heap before
{Heap before GC invocations=11 (full 0):
 garbage-first heap   total 98304K, used 69704K [0x0000000721600000, 0x0000000800000000)
  region size 2048K, 20 young (40960K), 1 survivors (2048K)
 Metaspace       used 44080K, committed 44352K, reserved 1114112K
  class space    used 5349K, committed 5504K, reserved 1048576K
}
Event: 13.668 GC heap after
{Heap after GC invocations=12 (full 0):
 garbage-first heap   total 98304K, used 35332K [0x0000000721600000, 0x0000000800000000)
  region size 2048K, 3 young (6144K), 3 survivors (6144K)
 Metaspace       used 44080K, committed 44352K, reserved 1114112K
  class space    used 5349K, committed 5504K, reserved 1048576K
}
Event: 18.858 GC heap before
{Heap before GC invocations=12 (full 0):
 garbage-first heap   total 98304K, used 70148K [0x0000000721600000, 0x0000000800000000)
  region size 2048K, 20 young (40960K), 3 survivors (6144K)
 Metaspace       used 46008K, committed 46272K, reserved 1114112K
  class space    used 5430K, committed 5568K, reserved 1048576K
}
Event: 18.920 GC heap after
{Heap after GC invocations=13 (full 0):
 garbage-first heap   total 98304K, used 41856K [0x0000000721600000, 0x0000000800000000)
  region size 2048K, 3 young (6144K), 3 survivors (6144K)
 Metaspace       used 46008K, committed 46272K, reserved 1114112K
  class space    used 5430K, committed 5568K, reserved 1048576K
}
Event: 21.854 GC heap before
{Heap before GC invocations=13 (full 0):
 garbage-first heap   total 98304K, used 72576K [0x0000000721600000, 0x0000000800000000)
  region size 2048K, 18 young (36864K), 3 survivors (6144K)
 Metaspace       used 46939K, committed 47232K, reserved 1114112K
  class space    used 5541K, committed 5696K, reserved 1048576K
}
Event: 21.900 GC heap after
{Heap after GC invocations=14 (full 0):
 garbage-first heap   total 98304K, used 48129K [0x0000000721600000, 0x0000000800000000)
  region size 2048K, 3 young (6144K), 3 survivors (6144K)
 Metaspace       used 46939K, committed 47232K, reserved 1114112K
  class space    used 5541K, committed 5696K, reserved 1048576K
}
Event: 23.563 GC heap before
{Heap before GC invocations=14 (full 0):
 garbage-first heap   total 98304K, used 74753K [0x0000000721600000, 0x0000000800000000)
  region size 2048K, 16 young (32768K), 3 survivors (6144K)
 Metaspace       used 47237K, committed 47488K, reserved 1114112K
  class space    used 5577K, committed 5696K, reserved 1048576K
}
Event: 23.599 GC heap after
{Heap after GC invocations=15 (full 0):
 garbage-first heap   total 196608K, used 52918K [0x0000000721600000, 0x0000000800000000)
  region size 2048K, 2 young (4096K), 2 survivors (4096K)
 Metaspace       used 47237K, committed 47488K, reserved 1114112K
  class space    used 5577K, committed 5696K, reserved 1048576K
}
Event: 26.139 GC heap before
{Heap before GC invocations=15 (full 0):
 garbage-first heap   total 196608K, used 140982K [0x0000000721600000, 0x0000000800000000)
  region size 2048K, 45 young (92160K), 2 survivors (4096K)
 Metaspace       used 48148K, committed 48448K, reserved 1114112K
  class space    used 5658K, committed 5824K, reserved 1048576K
}
Event: 26.171 GC heap after
{Heap after GC invocations=16 (full 0):
 garbage-first heap   total 196608K, used 61110K [0x0000000721600000, 0x0000000800000000)
  region size 2048K, 6 young (12288K), 6 survivors (12288K)
 Metaspace       used 48148K, committed 48448K, reserved 1114112K
  class space    used 5658K, committed 5824K, reserved 1048576K
}
Event: 32.797 GC heap before
{Heap before GC invocations=16 (full 0):
 garbage-first heap   total 196608K, used 136886K [0x0000000721600000, 0x0000000800000000)
  region size 2048K, 43 young (88064K), 6 survivors (12288K)
 Metaspace       used 53229K, committed 53568K, reserved 1114112K
  class space    used 6088K, committed 6272K, reserved 1048576K
}
Event: 32.832 GC heap after
{Heap after GC invocations=17 (full 0):
 garbage-first heap   total 196608K, used 69014K [0x0000000721600000, 0x0000000800000000)
  region size 2048K, 4 young (8192K), 4 survivors (8192K)
 Metaspace       used 53229K, committed 53568K, reserved 1114112K
  class space    used 6088K, committed 6272K, reserved 1048576K
}

